#
# There is insufficient memory for the Java Runtime Environment to continue.
# Native memory allocation (mmap) failed to map 65536 bytes for Failed to commit area from 0x0000013e317c0000 to 0x0000013e317d0000 of length 65536.
# Possible reasons:
#   The system is out of physical RAM or swap space
#   The process is running with CompressedOops enabled, and the Java Heap may be blocking the growth of the native heap
# Possible solutions:
#   Reduce memory load on the system
#   Increase physical memory or swap space
#   Check if swap backing store is full
#   Decrease Java heap size (-Xmx/-Xms)
#   Decrease number of Java threads
#   Decrease Java thread stack sizes (-Xss)
#   Set larger code cache with -XX:ReservedCodeCacheSize=
# This output file may be truncated or incomplete.
#
#  Out of Memory Error (./src/hotspot/os/windows/os_windows.cpp:3303), pid=7456, tid=27660
#
# JRE version:  (11.0.8+10) (build )
# Java VM: OpenJDK 64-Bit Server VM (11.0.8+10-b944.31, mixed mode, sharing, tiered, compressed oops, g1 gc, windows-amd64)
# No core dump will be written. Minidumps are not enabled by default on client versions of Windows
#

---------------  S U M M A R Y ------------

Command Line: org.jetbrains.git4idea.http.GitAskPassApp Username for 'https://gitee.com': 

Host: Intel(R) Core(TM) i7-10750H CPU @ 2.60GHz, 12 cores, 15G,  Windows 10 , 64 bit Build 18362 (10.0.18362.959)
Time: Mon Sep  7 19:36:22 2020 ?D1¨²¡À¨º¡Á?¨º¡À?? elapsed time: 0 seconds (0d 0h 0m 0s)

---------------  T H R E A D  ---------------

Current thread (0x0000013e1b0c3000):  JavaThread "Unknown thread" [_thread_in_vm, id=27660, stack(0x00000032e6500000,0x00000032e6600000)]

Stack: [0x00000032e6500000,0x00000032e6600000]
Native frames: (J=compiled Java code, j=interpreted, Vv=VM code, C=native code)
V  [jvm.dll+0x5de35a]
V  [jvm.dll+0x712355]
V  [jvm.dll+0x7138ad]
V  [jvm.dll+0x713f63]
V  [jvm.dll+0x23e628]
V  [jvm.dll+0x5db804]
V  [jvm.dll+0x5d0925]
V  [jvm.dll+0x2faf9b]
V  [jvm.dll+0x2faf0a]
V  [jvm.dll+0x2fade2]
V  [jvm.dll+0x2ffdc5]
V  [jvm.dll+0x3483b5]
V  [jvm.dll+0x348aa6]
V  [jvm.dll+0x3484a3]
V  [jvm.dll+0x2d5be8]
V  [jvm.dll+0x2d6d87]
V  [jvm.dll+0x6f10e7]
V  [jvm.dll+0x6f28dc]
V  [jvm.dll+0x3558f9]
V  [jvm.dll+0x6d492e]
V  [jvm.dll+0x3bdad3]
V  [jvm.dll+0x3bfd01]
C  [jli.dll+0x5373]
C  [ucrtbase.dll+0x20e82]
C  [KERNEL32.DLL+0x17bd4]
C  [ntdll.dll+0x6ce51]


---------------  P R O C E S S  ---------------

Threads class SMR info:
_java_thread_list=0x0000013e1ae74920, length=0, elements={
}

Java Threads: ( => current thread )

Other Threads:
  0x0000013e1b0da800 GCTaskThread "GC Thread#0" [stack: 0x00000032e6600000,0x00000032e6700000] [id=38472]
  0x0000013e1b139000 ConcurrentGCThread "G1 Main Marker" [stack: 0x00000032e6700000,0x00000032e6800000] [id=16456]
  0x0000013e1b13a800 ConcurrentGCThread "G1 Conc#0" [stack: 0x00000032e6800000,0x00000032e6900000] [id=6668]

[error occurred during error reporting (printing all threads), id 0xc0000005, EXCEPTION_ACCESS_VIOLATION (0xc0000005) at pc=0x00007ffb1e7760c7]

VM state:not at safepoint (not fully initialized)

VM Mutex/Monitor currently owned by a thread:  ([mutex/lock_event])
[0x0000013e1b0bf360] Heap_lock - owner thread: 0x0000013e1b0c3000

Heap address: 0x0000000702000000, size: 4064 MB, Compressed Oops mode: Non-zero based: 0x0000000702000000
Narrow klass base: 0x0000000000000000, Narrow klass shift: 0

GC Heap History (0 events):
No events

Deoptimization events (0 events):
No events

Classes redefined (0 events):
No events

Internal exceptions (0 events):
No events

Events (1 events):
Event: 0.007 Loaded shared library D:\software\java\ide\IntelliJ IDEA 2020.1.1\jbr\bin\zip.dll


Dynamic libraries:
0x00007ff694f70000 - 0x00007ff694f7a000 	D:\software\java\ide\IntelliJ IDEA 2020.1.1\jbr\bin\java.exe
0x00007ffb6e700000 - 0x00007ffb6e8f0000 	C:\Windows\SYSTEM32\ntdll.dll
0x00007ffb6e110000 - 0x00007ffb6e1c2000 	C:\Windows\System32\KERNEL32.DLL
0x00007ffb6bb60000 - 0x00007ffb6be04000 	C:\Windows\System32\KERNELBASE.dll
0x00007ffb6b740000 - 0x00007ffb6b83a000 	C:\Windows\System32\ucrtbase.dll
0x00007ffb60770000 - 0x00007ffb60787000 	D:\software\java\ide\IntelliJ IDEA 2020.1.1\jbr\bin\VCRUNTIME140.dll
0x00007ffb60680000 - 0x00007ffb60699000 	D:\software\java\ide\IntelliJ IDEA 2020.1.1\jbr\bin\jli.dll
0x00007ffb6d3f0000 - 0x00007ffb6d584000 	C:\Windows\System32\USER32.dll
0x00007ffb6c730000 - 0x00007ffb6c751000 	C:\Windows\System32\win32u.dll
0x00007ffb6d840000 - 0x00007ffb6d866000 	C:\Windows\System32\GDI32.dll
0x00007ffb6b9c0000 - 0x00007ffb6bb56000 	C:\Windows\System32\gdi32full.dll
0x00007ffb6b6a0000 - 0x00007ffb6b73e000 	C:\Windows\System32\msvcp_win.dll
0x00007ffb59780000 - 0x00007ffb59a04000 	C:\Windows\WinSxS\amd64_microsoft.windows.common-controls_6595b64144ccf1df_6.0.18362.959_none_e6c7bbbf130c62bb\COMCTL32.dll
0x00007ffb6d350000 - 0x00007ffb6d3ee000 	C:\Windows\System32\msvcrt.dll
0x00007ffb6c7b0000 - 0x00007ffb6cae5000 	C:\Windows\System32\combase.dll
0x00007ffb6d870000 - 0x00007ffb6d990000 	C:\Windows\System32\RPCRT4.dll
0x00007ffb6c5a0000 - 0x00007ffb6c620000 	C:\Windows\System32\bcryptPrimitives.dll
0x00007ffb6e280000 - 0x00007ffb6e2ae000 	C:\Windows\System32\IMM32.DLL
0x00007ffb398e0000 - 0x00007ffb3997d000 	D:\software\java\ide\IntelliJ IDEA 2020.1.1\jbr\bin\msvcp140.dll
0x00007ffb1e490000 - 0x00007ffb1ef4d000 	D:\software\java\ide\IntelliJ IDEA 2020.1.1\jbr\bin\server\jvm.dll
0x00007ffb6d0b0000 - 0x00007ffb6d153000 	C:\Windows\System32\ADVAPI32.dll
0x00007ffb6e310000 - 0x00007ffb6e3a7000 	C:\Windows\System32\sechost.dll
0x00007ffb6e6b0000 - 0x00007ffb6e6b8000 	C:\Windows\System32\PSAPI.DLL
0x00007ffb59bb0000 - 0x00007ffb59bb9000 	C:\Windows\SYSTEM32\WSOCK32.dll
0x00007ffb5fc30000 - 0x00007ffb5fc54000 	C:\Windows\SYSTEM32\WINMM.dll
0x00007ffb66150000 - 0x00007ffb6615a000 	C:\Windows\SYSTEM32\VERSION.dll
0x00007ffb6caf0000 - 0x00007ffb6cb5f000 	C:\Windows\System32\WS2_32.dll
0x00007ffb5f900000 - 0x00007ffb5f92d000 	C:\Windows\SYSTEM32\WINMMBASE.dll
0x00007ffb6c760000 - 0x00007ffb6c7aa000 	C:\Windows\System32\cfgmgr32.dll
0x00007ffb6b660000 - 0x00007ffb6b671000 	C:\Windows\System32\kernel.appcore.dll
0x00007ffb66330000 - 0x00007ffb66341000 	D:\software\java\ide\IntelliJ IDEA 2020.1.1\jbr\bin\verify.dll
0x00007ffb69ee0000 - 0x00007ffb6a0d4000 	C:\Windows\SYSTEM32\DBGHELP.DLL
0x00007ffb64810000 - 0x00007ffb6483a000 	C:\Windows\SYSTEM32\dbgcore.DLL
0x00007ffb619d0000 - 0x00007ffb619f9000 	D:\software\java\ide\IntelliJ IDEA 2020.1.1\jbr\bin\java.dll
0x00007ffb67600000 - 0x00007ffb6760b000 	D:\software\java\ide\IntelliJ IDEA 2020.1.1\jbr\bin\jimage.dll
0x00007ffb65170000 - 0x00007ffb65188000 	D:\software\java\ide\IntelliJ IDEA 2020.1.1\jbr\bin\zip.dll

dbghelp: loaded successfully - version: 4.0.5 - missing functions: none
symbol engine: initialized successfully - sym options: 0x614 - pdb path: .;D:\software\java\ide\IntelliJ IDEA 2020.1.1\jbr\bin;C:\Windows\SYSTEM32;C:\Windows\WinSxS\amd64_microsoft.windows.common-controls_6595b64144ccf1df_6.0.18362.959_none_e6c7bbbf130c62bb;D:\software\java\ide\IntelliJ IDEA 2020.1.1\jbr\bin\server

VM Arguments:
java_command: org.jetbrains.git4idea.http.GitAskPassApp Username for 'https://gitee.com': 
java_class_path (initial): D:/software/java/ide/IntelliJ IDEA 2020.1.1/plugins/git4idea/lib/git4idea-rt.jar;D:/software/java/ide/IntelliJ IDEA 2020.1.1/lib/xmlrpc-2.0.1.jar;D:/software/java/ide/IntelliJ IDEA 2020.1.1/lib/commons-codec-1.14.jar
Launcher Type: SUN_STANDARD

[Global flags]
     intx CICompilerCount                          = 4                                         {product} {ergonomic}
     uint ConcGCThreads                            = 3                                         {product} {ergonomic}
     uint G1ConcRefinementThreads                  = 10                                        {product} {ergonomic}
   size_t G1HeapRegionSize                         = 1048576                                   {product} {ergonomic}
    uintx GCDrainStackTargetSize                   = 64                                        {product} {ergonomic}
   size_t InitialHeapSize                          = 266338304                                 {product} {ergonomic}
   size_t MarkStackSize                            = 4194304                                   {product} {ergonomic}
   size_t MaxHeapSize                              = 4261412864                                {product} {ergonomic}
   size_t MinHeapDeltaBytes                        = 1048576                                   {product} {ergonomic}
    uintx NonNMethodCodeHeapSize                   = 5836300                                {pd product} {ergonomic}
    uintx NonProfiledCodeHeapSize                  = 122910970                              {pd product} {ergonomic}
    uintx ProfiledCodeHeapSize                     = 122910970                              {pd product} {ergonomic}
    uintx ReservedCodeCacheSize                    = 251658240                              {pd product} {ergonomic}
     bool SegmentedCodeCache                       = true                                      {product} {ergonomic}
     bool UseCompressedClassPointers               = true                                 {lp64_product} {ergonomic}
     bool UseCompressedOops                        = true                                 {lp64_product} {ergonomic}
     bool UseG1GC                                  = true                                      {product} {ergonomic}
     bool UseLargePagesIndividualAllocation        = false                                  {pd product} {ergonomic}

Logging:
Log output configuration:
 #0: stdout all=warning uptime,level,tags
 #1: stderr all=off uptime,level,tags

Environment Variables:
JAVA_HOME=C:\Program Files\Java\jdk1.8.0_231
CLASSPATH=.;C:\Program Files\Java\jdk1.8.0_231\lib\dt.jar;C:\Program Files\Java\jdk1.8.0_231\lib\tools.jar
PATH=C:/Program Files/Git/mingw64/libexec/git-core;C:/Program Files/Git/mingw64/libexec/git-core;C:\Program Files\Git\mingw64\bin;C:\Program Files\Git\usr\bin;C:\Users\lovec\bin;D:\Program Files (x86)\NetSarang\Xshell 6\;D:\Program Files (x86)\NetSarang\Xftp 6\;C:\Program Files\Java\jdk1.8.0_231\bin;C:\Program Files (x86)\Common Files\Oracle\Java\javapath;C:\Windows\system32;C:\Windows;C:\Windows\System32\Wbem;C:\Windows\System32\WindowsPowerShell\v1.0\;C:\Windows\System32\OpenSSH\;C:\Program Files (x86)\NVIDIA Corporation\PhysX\Common;C:\Program Files\NVIDIA Corporation\NVIDIA NvDLISR;C:\Program Files\Git\cmd;D:\software\java\ide\IntelliJ IDEA 2020.1.1\plugins\maven\lib\maven3\bin;C:\Program Files\Java\jdk1.8.0_231\jre\bin;D:\software\java\node\;D:\software\go\bin;C:\Users\lovec\anaconda3\Scripts;C:\Users\lovec\AppData\Local\Programs\Python\Python37\Scripts\;C:\Users\lovec\AppData\Local\Programs\Python\Python37\;C:\Users\lovec\AppData\Local\Microsoft\WindowsApps;D:\software\java\ide\IntelliJ IDEA 2020.1.1\plugins\maven\lib\maven3\bin;D:\software\java\node\node_globa;C:\Users\lovec\go\bin;C:\Users\lovec\AppData\Local\Pandoc\
USERNAME=lovec
DISPLAY=:0.0
LC_ALL=en_US.UTF-8
OS=Windows_NT
PROCESSOR_IDENTIFIER=Intel64 Family 6 Model 165 Stepping 2, GenuineIntel



---------------  S Y S T E M  ---------------

OS: Windows 10 , 64 bit Build 18362 (10.0.18362.959)
OS uptime: 13 days 10:44 hours

CPU:total 12 (initial active 12) (6 cores per cpu, 2 threads per core) family 6 model 165 stepping 2, cmov, cx8, fxsr, mmx, sse, sse2, sse3, ssse3, sse4.1, sse4.2, popcnt, avx, avx2, aes, clmul, erms, 3dnowpref, lzcnt, ht, tsc, tscinvbit, bmi1, bmi2, adx, fma

Memory: 4k page, system-wide physical 16252M (5145M free)
TotalPageFile size 29052M (AvailPageFile size 3M)
current process WorkingSet (physical memory assigned to process): 10M, peak: 10M
current process commit charge ("private bytes"): 321M, peak: 321M

vm_info: OpenJDK 64-Bit Server VM (11.0.8+10-b944.31) for windows-amd64 JRE (11.0.8+10-b944.31), built on Aug  6 2020 12:27:04 by "" with MS VC++ 14.0 (VS2015)

END.
